<?xml version="1.0" encoding="UTF-8"?>
<!-- Generated by org.testng.reporters.JUnitXMLReporter -->
<testsuite ignored="0" hostname="LAPTOP-FIFQBMG9" failures="0" tests="6" name="Default test" time="0.037" errors="0" timestamp="2022-02-03T16:14:43 PST">
  <testcase classname="com.testNg.TestNgAnnotationsFeb3" name="TestCase1" time="0.003"/>
  <testcase classname="com.testNg.TestNgAnnotationsFeb3" name="TestCase2" time="0.001"/>
  <testcase classname="com.testNg.TestNgAnnotationsFeb3" name="TestCase3" time="0.0"/>
  <testcase classname="com.testNg.TestNgAnnotationsFeb3" name="TestCase4" time="0.001"/>
  <testcase classname="com.testNg.TestNgAnnotationsFeb3" name="TestCase5" time="0.001"/>
  <testcase classname="com.testNg.TestNgAnnotationsFeb3" name="TestCase6" time="0.0"/>
</testsuite> <!-- Default test -->
