<?xml version="1.0" encoding="UTF-8"?>
<testng-results ignored="0" total="6" passed="6" failed="0" skipped="0">
  <reporter-output>
  </reporter-output>
  <suite started-at="2022-02-03T16:14:43 PST" name="Default suite" finished-at="2022-02-03T16:14:43 PST" duration-ms="37">
    <groups>
    </groups>
    <test started-at="2022-02-03T16:14:43 PST" name="Default test" finished-at="2022-02-03T16:14:43 PST" duration-ms="37">
      <class name="com.testNg.TestNgAnnotationsFeb3">
        <test-method is-config="true" signature="beforeSuite()[pri:0, instance:com.testNg.TestNgAnnotationsFeb3@29626d54]" started-at="2022-02-03T16:14:43 PST" name="beforeSuite" finished-at="2022-02-03T16:14:43 PST" duration-ms="5" status="PASS">
          <reporter-output>
          </reporter-output>
        </test-method> <!-- beforeSuite -->
        <test-method is-config="true" signature="beforeTest()[pri:0, instance:com.testNg.TestNgAnnotationsFeb3@29626d54]" started-at="2022-02-03T16:14:43 PST" name="beforeTest" finished-at="2022-02-03T16:14:43 PST" duration-ms="0" status="PASS">
          <reporter-output>
          </reporter-output>
        </test-method> <!-- beforeTest -->
        <test-method is-config="true" signature="beforeClass()[pri:0, instance:com.testNg.TestNgAnnotationsFeb3@29626d54]" started-at="2022-02-03T16:14:43 PST" name="beforeClass" finished-at="2022-02-03T16:14:43 PST" duration-ms="0" status="PASS">
          <reporter-output>
          </reporter-output>
        </test-method> <!-- beforeClass -->
        <test-method is-config="true" signature="beforeMethod()[pri:0, instance:com.testNg.TestNgAnnotationsFeb3@29626d54]" started-at="2022-02-03T16:14:43 PST" name="beforeMethod" finished-at="2022-02-03T16:14:43 PST" duration-ms="0" status="PASS">
          <reporter-output>
          </reporter-output>
        </test-method> <!-- beforeMethod -->
        <test-method signature="TestCase1()[pri:0, instance:com.testNg.TestNgAnnotationsFeb3@29626d54]" started-at="2022-02-03T16:14:43 PST" name="TestCase1" finished-at="2022-02-03T16:14:43 PST" duration-ms="3" status="PASS">
          <reporter-output>
          </reporter-output>
        </test-method> <!-- TestCase1 -->
        <test-method is-config="true" signature="afterMethod()[pri:0, instance:com.testNg.TestNgAnnotationsFeb3@29626d54]" started-at="2022-02-03T16:14:43 PST" name="afterMethod" finished-at="2022-02-03T16:14:43 PST" duration-ms="0" status="PASS">
          <reporter-output>
          </reporter-output>
        </test-method> <!-- afterMethod -->
        <test-method is-config="true" signature="beforeMethod()[pri:0, instance:com.testNg.TestNgAnnotationsFeb3@29626d54]" started-at="2022-02-03T16:14:43 PST" name="beforeMethod" finished-at="2022-02-03T16:14:43 PST" duration-ms="0" status="PASS">
          <reporter-output>
          </reporter-output>
        </test-method> <!-- beforeMethod -->
        <test-method signature="TestCase2()[pri:0, instance:com.testNg.TestNgAnnotationsFeb3@29626d54]" started-at="2022-02-03T16:14:43 PST" name="TestCase2" finished-at="2022-02-03T16:14:43 PST" duration-ms="1" status="PASS">
          <reporter-output>
          </reporter-output>
        </test-method> <!-- TestCase2 -->
        <test-method is-config="true" signature="afterMethod()[pri:0, instance:com.testNg.TestNgAnnotationsFeb3@29626d54]" started-at="2022-02-03T16:14:43 PST" name="afterMethod" finished-at="2022-02-03T16:14:43 PST" duration-ms="0" status="PASS">
          <reporter-output>
          </reporter-output>
        </test-method> <!-- afterMethod -->
        <test-method is-config="true" signature="beforeMethod()[pri:0, instance:com.testNg.TestNgAnnotationsFeb3@29626d54]" started-at="2022-02-03T16:14:43 PST" name="beforeMethod" finished-at="2022-02-03T16:14:43 PST" duration-ms="0" status="PASS">
          <reporter-output>
          </reporter-output>
        </test-method> <!-- beforeMethod -->
        <test-method signature="TestCase3()[pri:0, instance:com.testNg.TestNgAnnotationsFeb3@29626d54]" started-at="2022-02-03T16:14:43 PST" name="TestCase3" finished-at="2022-02-03T16:14:43 PST" duration-ms="0" status="PASS">
          <reporter-output>
          </reporter-output>
        </test-method> <!-- TestCase3 -->
        <test-method is-config="true" signature="beforeMethod()[pri:0, instance:com.testNg.TestNgAnnotationsFeb3@29626d54]" started-at="2022-02-03T16:14:43 PST" name="beforeMethod" finished-at="2022-02-03T16:14:43 PST" duration-ms="0" status="PASS">
          <reporter-output>
          </reporter-output>
        </test-method> <!-- beforeMethod -->
        <test-method is-config="true" signature="afterMethod()[pri:0, instance:com.testNg.TestNgAnnotationsFeb3@29626d54]" started-at="2022-02-03T16:14:43 PST" name="afterMethod" finished-at="2022-02-03T16:14:43 PST" duration-ms="0" status="PASS">
          <reporter-output>
          </reporter-output>
        </test-method> <!-- afterMethod -->
        <test-method signature="TestCase4()[pri:0, instance:com.testNg.TestNgAnnotationsFeb3@29626d54]" started-at="2022-02-03T16:14:43 PST" name="TestCase4" finished-at="2022-02-03T16:14:43 PST" duration-ms="1" status="PASS">
          <reporter-output>
          </reporter-output>
        </test-method> <!-- TestCase4 -->
        <test-method is-config="true" signature="afterMethod()[pri:0, instance:com.testNg.TestNgAnnotationsFeb3@29626d54]" started-at="2022-02-03T16:14:43 PST" name="afterMethod" finished-at="2022-02-03T16:14:43 PST" duration-ms="1" status="PASS">
          <reporter-output>
          </reporter-output>
        </test-method> <!-- afterMethod -->
        <test-method signature="TestCase5()[pri:0, instance:com.testNg.TestNgAnnotationsFeb3@29626d54]" started-at="2022-02-03T16:14:43 PST" name="TestCase5" finished-at="2022-02-03T16:14:43 PST" duration-ms="1" status="PASS">
          <reporter-output>
          </reporter-output>
        </test-method> <!-- TestCase5 -->
        <test-method is-config="true" signature="beforeMethod()[pri:0, instance:com.testNg.TestNgAnnotationsFeb3@29626d54]" started-at="2022-02-03T16:14:43 PST" name="beforeMethod" finished-at="2022-02-03T16:14:43 PST" duration-ms="0" status="PASS">
          <reporter-output>
          </reporter-output>
        </test-method> <!-- beforeMethod -->
        <test-method is-config="true" signature="beforeMethod()[pri:0, instance:com.testNg.TestNgAnnotationsFeb3@29626d54]" started-at="2022-02-03T16:14:43 PST" name="beforeMethod" finished-at="2022-02-03T16:14:43 PST" duration-ms="0" status="PASS">
          <reporter-output>
          </reporter-output>
        </test-method> <!-- beforeMethod -->
        <test-method is-config="true" signature="afterMethod()[pri:0, instance:com.testNg.TestNgAnnotationsFeb3@29626d54]" started-at="2022-02-03T16:14:43 PST" name="afterMethod" finished-at="2022-02-03T16:14:43 PST" duration-ms="0" status="PASS">
          <reporter-output>
          </reporter-output>
        </test-method> <!-- afterMethod -->
        <test-method signature="TestCase6()[pri:0, instance:com.testNg.TestNgAnnotationsFeb3@29626d54]" started-at="2022-02-03T16:14:43 PST" name="TestCase6" finished-at="2022-02-03T16:14:43 PST" duration-ms="0" status="PASS">
          <reporter-output>
          </reporter-output>
        </test-method> <!-- TestCase6 -->
        <test-method is-config="true" signature="afterMethod()[pri:0, instance:com.testNg.TestNgAnnotationsFeb3@29626d54]" started-at="2022-02-03T16:14:43 PST" name="afterMethod" finished-at="2022-02-03T16:14:43 PST" duration-ms="0" status="PASS">
          <reporter-output>
          </reporter-output>
        </test-method> <!-- afterMethod -->
        <test-method is-config="true" signature="afterClass()[pri:0, instance:com.testNg.TestNgAnnotationsFeb3@29626d54]" started-at="2022-02-03T16:14:43 PST" name="afterClass" finished-at="2022-02-03T16:14:43 PST" duration-ms="1" status="PASS">
          <reporter-output>
          </reporter-output>
        </test-method> <!-- afterClass -->
        <test-method is-config="true" signature="afterTest()[pri:0, instance:com.testNg.TestNgAnnotationsFeb3@29626d54]" started-at="2022-02-03T16:14:43 PST" name="afterTest" finished-at="2022-02-03T16:14:43 PST" duration-ms="0" status="PASS">
          <reporter-output>
          </reporter-output>
        </test-method> <!-- afterTest -->
        <test-method is-config="true" signature="afterSuite()[pri:0, instance:com.testNg.TestNgAnnotationsFeb3@29626d54]" started-at="2022-02-03T16:14:43 PST" name="afterSuite" finished-at="2022-02-03T16:14:43 PST" duration-ms="0" status="PASS">
          <reporter-output>
          </reporter-output>
        </test-method> <!-- afterSuite -->
      </class> <!-- com.testNg.TestNgAnnotationsFeb3 -->
    </test> <!-- Default test -->
  </suite> <!-- Default suite -->
</testng-results>
